make all --print-data-base --no-builtin-variables --no-builtin-rules --question
# GNU Make 4.3
# Built for arm-unknown-linux-gnueabihf
# Copyright (C) 1988-2020 Free Software Foundation, Inc.
# License GPLv3+: GNU GPL version 3 or later <http://gnu.org/licenses/gpl.html>
# This is free software: you are free to change and redistribute it.
# There is NO WARRANTY, to the extent permitted by law.

# Make data base, printed on Mon Jul 18 10:32:09 2022

# Variables

# environment
LC_ALL = C
# environment
NO_AT_BRIDGE = 1
# environment
VSCODE_CWD = /home/pi
# environment
TEXTDOMAIN = Linux-PAM
# default
MAKE_COMMAND := make
# environment
VSCODE_HANDLES_SIGPIPE = true
# automatic
@D = $(patsubst %/,%,$(dir $@))
# environment
VSCODE_HANDLES_UNCAUGHT_ERRORS = true
# default
.VARIABLES := 
# environment
PWD = /home/pi/projects/RPi_Test
# automatic
%D = $(patsubst %/,%,$(dir $%))
# makefile (from 'makefile', line 4)
OBJFILES = main.o bcm2835.o lr1110_hal.o lr1110_gnss.o lr1110_regmem.o lr1110_wifi.o lr1110_system.o
# automatic
^D = $(patsubst %/,%,$(dir $^))
# automatic
%F = $(notdir $%)
# environment
LANG = C
# default
.LOADED := 
# default
.INCLUDE_DIRS = /usr/local/include /usr/include /usr/include
# makefile
MAKEFLAGS = pqrR
# makefile
CURDIR := /home/pi/projects/RPi_Test
# environment
APPLICATION_INSIGHTS_NO_DIAGNOSTIC_CHANNEL = true
# automatic
*D = $(patsubst %/,%,$(dir $*))
# environment
MFLAGS = -pqrR
# default
.SHELLFLAGS := -c
# automatic
+D = $(patsubst %/,%,$(dir $+))
# makefile (from 'makefile', line 1)
MAKEFILE_LIST := makefile
# automatic
@F = $(notdir $@)
# environment
XDG_SESSION_TYPE = tty
# automatic
?D = $(patsubst %/,%,$(dir $?))
# automatic
*F = $(notdir $*)
# environment
DBUS_SESSION_BUS_ADDRESS = unix:path=/run/user/1000/bus
# automatic
<D = $(patsubst %/,%,$(dir $<))
# environment
VSCODE_NLS_CONFIG = {"locale":"en","availableLanguages":{}}
# default
MAKE_HOST := arm-unknown-linux-gnueabihf
# makefile
SHELL = /bin/sh
# default
MAKECMDGOALS := all
# environment
SHLVL = 0
# environment
MAKELEVEL := 0
# default
MAKE = $(MAKE_COMMAND)
# environment
PATH = /home/pi/.vscode-server/bin/92d25e35d9bf1a6b16f7d0758f25d48ace11e5b9/bin/remote-cli:/usr/local/sbin:/usr/local/bin:/usr/sbin:/usr/bin:/sbin:/bin:/usr/local/games:/usr/games
# default
MAKEFILES := 
# environment
LANGUAGE = en_US.UTF-8
# environment
MOTD_SHOWN = pam
# automatic
^F = $(notdir $^)
# environment
SSH_CLIENT = 192.168.0.103 56224 22
# automatic
?F = $(notdir $?)
# environment
LS_COLORS = 
# automatic
+F = $(notdir $+)
# 'override' directive
GNUMAKEFLAGS := 
# environment
BROWSER = /home/pi/.vscode-server/bin/92d25e35d9bf1a6b16f7d0758f25d48ace11e5b9/bin/helpers/browser.sh
# environment
LOGNAME = pi
# makefile
.DEFAULT_GOAL := all
# environment
USER = pi
# default
MAKE_VERSION := 4.3
# makefile (from 'makefile', line 3)
LDFLAGS = 
# environment
VSCODE_AGENT_FOLDER = /home/pi/.vscode-server
# environment
_ = /home/pi/.vscode-server/bin/92d25e35d9bf1a6b16f7d0758f25d48ace11e5b9/node
# environment
XDG_RUNTIME_DIR = /run/user/1000
# makefile (from 'makefile', line 2)
CFLAGS = -Wall
# environment
VSCODE_IPC_HOOK_CLI = /run/user/1000/vscode-ipc-7c9acf5f-c069-4327-8869-9544516c7e6f.sock
# environment
XDG_SESSION_CLASS = user
# environment
VSCODE_AMD_ENTRYPOINT = vs/workbench/api/node/extensionHostProcess
# environment
HOME = /home/pi
# environment
ELECTRON_RUN_AS_NODE = 1
# environment
XDG_SESSION_ID = 4
# default
.RECIPEPREFIX := 
# automatic
<F = $(notdir $<)
# default
SUFFIXES := 
# makefile (from 'makefile', line 5)
TARGET = lrtest
# default
.FEATURES := target-specific order-only second-expansion else-if shortest-stem undefine oneshell nocomment grouped-target extra-prereqs archives jobserver output-sync check-symlink load
# makefile (from 'makefile', line 1)
CC = gcc
# environment
SSH_CONNECTION = 192.168.0.103 56224 192.168.0.104 22
# variable set hash-table stats:
# Load=71/1024=7%, Rehash=0, Collisions=1/104=1%

# Pattern-specific Variable Values

# No pattern-specific variable values.

# Directories

# . (device 45826, inode 10393): 39 files, no impossibilities.

# 39 files, no impossibilities in 1 directories.

# Implicit Rules

# No implicit rules.

# Files

lrtest: main.o bcm2835.o lr1110_hal.o lr1110_gnss.o lr1110_regmem.o lr1110_wifi.o lr1110_system.o
#  Implicit rule search has not been done.
#  Last modified 2022-07-18 10:29:22.827780068
#  File has been updated.
#  Successfully updated.
#  recipe to execute (from 'makefile', line 10):
	$(CC) $(CFLAGS) -o $(TARGET) $(OBJFILES) $(LDFLAGS)

# Not a target:
bcm2835.o:
#  Implicit rule search has been done.
#  Last modified 2022-07-18 10:04:09.384297748
#  File has been updated.
#  Successfully updated.

# Not a target:
lr1110_regmem.o:
#  Implicit rule search has been done.
#  Last modified 2022-07-18 10:04:09.794295801
#  File has been updated.
#  Successfully updated.

# Not a target:
lr1110_gnss.o:
#  Implicit rule search has been done.
#  Last modified 2022-07-18 10:04:09.684296324
#  File has been updated.
#  Successfully updated.

clean:
#  Implicit rule search has not been done.
#  Modification time never checked.
#  File has not been updated.
#  recipe to execute (from 'makefile', line 13):
	rm -f $(OBJFILES) $(TARGET) *~

# Not a target:
lr1110_hal.o:
#  Implicit rule search has been done.
#  Last modified 2022-07-18 10:04:09.504297178
#  File has been updated.
#  Successfully updated.

# Not a target:
.DEFAULT:
#  Implicit rule search has not been done.
#  Modification time never checked.
#  File has not been updated.

all: lrtest
#  Command line target.
#  Implicit rule search has been done.
#  File does not exist.
#  File has been updated.
#  Successfully updated.

# Not a target:
main.o:
#  Implicit rule search has been done.
#  Last modified 2022-07-18 10:29:22.727781809
#  File has been updated.
#  Successfully updated.

# Not a target:
makefile:
#  Implicit rule search has been done.
#  Last modified 2022-07-17 23:01:25.103907417
#  File has been updated.
#  Successfully updated.

# Not a target:
lr1110_system.o:
#  Implicit rule search has been done.
#  Last modified 2022-07-18 10:04:10.094294377
#  File has been updated.
#  Successfully updated.

# Not a target:
lr1110_wifi.o:
#  Implicit rule search has been done.
#  Last modified 2022-07-18 10:04:09.954295041
#  File has been updated.
#  Successfully updated.

# files hash-table stats:
# Load=13/1024=1%, Rehash=0, Collisions=0/33=0%
# VPATH Search Paths

# No 'vpath' search paths.

# No general ('VPATH' variable) search path.

# strcache buffers: 1 (0) / strings = 45 / storage = 655 B / avg = 14 B
# current buf: size = 8174 B / used = 655 B / count = 45 / avg = 14 B

# strcache performance: lookups = 62 / hit rate = 27%
# hash-table stats:
# Load=45/8192=1%, Rehash=0, Collisions=0/62=0%
# Finished Make data base on Mon Jul 18 10:32:09 2022

 
